This is pdfTeX, Version 3.1415926-2.4-1.40.13 (TeX Live 2012/Debian) (format=pdflatex 2013.6.23)  25 JUN 2013 01:49
entering extended mode
 restricted \write18 enabled.
 %&-line parsing enabled.
**report.tex
(./report.tex
LaTeX2e <2011/06/27>
Babel <v3.8m> and hyphenation patterns for english, dumylang, nohyphenation, bu
lgarian, ukrainian, russian, loaded.
(/usr/share/texlive/texmf-dist/tex/latex/base/article.cls
Document Class: article 2007/10/19 v1.4h Standard LaTeX document class
(/usr/share/texlive/texmf-dist/tex/latex/base/size11.clo
File: size11.clo 2007/10/19 v1.4h Standard LaTeX file (size option)
)
\c@part=\count79
\c@section=\count80
\c@subsection=\count81
\c@subsubsection=\count82
\c@paragraph=\count83
\c@subparagraph=\count84
\c@figure=\count85
\c@table=\count86
\abovecaptionskip=\skip41
\belowcaptionskip=\skip42
\bibindent=\dimen102
)
(/usr/share/texlive/texmf-dist/tex/latex/graphics/graphicx.sty
Package: graphicx 1999/02/16 v1.0f Enhanced LaTeX Graphics (DPC,SPQR)

(/usr/share/texlive/texmf-dist/tex/latex/graphics/keyval.sty
Package: keyval 1999/03/16 v1.13 key=value parser (DPC)
\KV@toks@=\toks14
)
(/usr/share/texlive/texmf-dist/tex/latex/graphics/graphics.sty
Package: graphics 2009/02/05 v1.0o Standard LaTeX Graphics (DPC,SPQR)

(/usr/share/texlive/texmf-dist/tex/latex/graphics/trig.sty
Package: trig 1999/03/16 v1.09 sin cos tan (DPC)
)
(/usr/share/texlive/texmf-dist/tex/latex/latexconfig/graphics.cfg
File: graphics.cfg 2010/04/23 v1.9 graphics configuration of TeX Live
)
Package graphics Info: Driver file: pdftex.def on input line 91.

(/usr/share/texlive/texmf-dist/tex/latex/pdftex-def/pdftex.def
File: pdftex.def 2011/05/27 v0.06d Graphics/color for pdfTeX

(/usr/share/texlive/texmf-dist/tex/generic/oberdiek/infwarerr.sty
Package: infwarerr 2010/04/08 v1.3 Providing info/warning/error messages (HO)
)
(/usr/share/texlive/texmf-dist/tex/generic/oberdiek/ltxcmds.sty
Package: ltxcmds 2011/11/09 v1.22 LaTeX kernel commands for general use (HO)
)
\Gread@gobject=\count87
))
\Gin@req@height=\dimen103
\Gin@req@width=\dimen104
)
(/usr/share/texlive/texmf-dist/tex/latex/amsmath/amsmath.sty
Package: amsmath 2000/07/18 v2.13 AMS math features
\@mathmargin=\skip43

For additional information on amsmath, use the `?' option.
(/usr/share/texlive/texmf-dist/tex/latex/amsmath/amstext.sty
Package: amstext 2000/06/29 v2.01

(/usr/share/texlive/texmf-dist/tex/latex/amsmath/amsgen.sty
File: amsgen.sty 1999/11/30 v2.0
\@emptytoks=\toks15
\ex@=\dimen105
))
(/usr/share/texlive/texmf-dist/tex/latex/amsmath/amsbsy.sty
Package: amsbsy 1999/11/29 v1.2d
\pmbraise@=\dimen106
)
(/usr/share/texlive/texmf-dist/tex/latex/amsmath/amsopn.sty
Package: amsopn 1999/12/14 v2.01 operator names
)
\inf@bad=\count88
LaTeX Info: Redefining \frac on input line 211.
\uproot@=\count89
\leftroot@=\count90
LaTeX Info: Redefining \overline on input line 307.
\classnum@=\count91
\DOTSCASE@=\count92
LaTeX Info: Redefining \ldots on input line 379.
LaTeX Info: Redefining \dots on input line 382.
LaTeX Info: Redefining \cdots on input line 467.
\Mathstrutbox@=\box26
\strutbox@=\box27
\big@size=\dimen107
LaTeX Font Info:    Redeclaring font encoding OML on input line 567.
LaTeX Font Info:    Redeclaring font encoding OMS on input line 568.
\macc@depth=\count93
\c@MaxMatrixCols=\count94
\dotsspace@=\muskip10
\c@parentequation=\count95
\dspbrk@lvl=\count96
\tag@help=\toks16
\row@=\count97
\column@=\count98
\maxfields@=\count99
\andhelp@=\toks17
\eqnshift@=\dimen108
\alignsep@=\dimen109
\tagshift@=\dimen110
\tagwidth@=\dimen111
\totwidth@=\dimen112
\lineht@=\dimen113
\@envbody=\toks18
\multlinegap=\skip44
\multlinetaggap=\skip45
\mathdisplay@stack=\toks19
LaTeX Info: Redefining \[ on input line 2666.
LaTeX Info: Redefining \] on input line 2667.
)
(/usr/share/texlive/texmf-dist/tex/latex/hyperref/hyperref.sty
Package: hyperref 2012/05/13 v6.82q Hypertext links for LaTeX

(/usr/share/texlive/texmf-dist/tex/generic/oberdiek/hobsub-hyperref.sty
Package: hobsub-hyperref 2012/05/28 v1.13 Bundle oberdiek, subset hyperref (HO)


(/usr/share/texlive/texmf-dist/tex/generic/oberdiek/hobsub-generic.sty
Package: hobsub-generic 2012/05/28 v1.13 Bundle oberdiek, subset generic (HO)
Package: hobsub 2012/05/28 v1.13 Construct package bundles (HO)
Package hobsub Info: Skipping package `infwarerr' (already loaded).
Package hobsub Info: Skipping package `ltxcmds' (already loaded).
Package: ifluatex 2010/03/01 v1.3 Provides the ifluatex switch (HO)
Package ifluatex Info: LuaTeX not detected.
Package: ifvtex 2010/03/01 v1.5 Detect VTeX and its facilities (HO)
Package ifvtex Info: VTeX not detected.
Package: intcalc 2007/09/27 v1.1 Expandable calculations with integers (HO)
Package: ifpdf 2011/01/30 v2.3 Provides the ifpdf switch (HO)
Package ifpdf Info: pdfTeX in PDF mode is detected.
Package: etexcmds 2011/02/16 v1.5 Avoid name clashes with e-TeX commands (HO)
Package etexcmds Info: Could not find \expanded.
(etexcmds)             That can mean that you are not using pdfTeX 1.50 or
(etexcmds)             that some package has redefined \expanded.
(etexcmds)             In the latter case, load this package earlier.
Package: kvsetkeys 2012/04/25 v1.16 Key value parser (HO)
Package: kvdefinekeys 2011/04/07 v1.3 Define keys (HO)
Package: pdftexcmds 2011/11/29 v0.20 Utility functions of pdfTeX for LuaTeX (HO
)
Package pdftexcmds Info: LuaTeX not detected.
Package pdftexcmds Info: \pdf@primitive is available.
Package pdftexcmds Info: \pdf@ifprimitive is available.
Package pdftexcmds Info: \pdfdraftmode found.
Package: pdfescape 2011/11/25 v1.13 Implements pdfTeX's escape features (HO)
Package: bigintcalc 2012/04/08 v1.3 Expandable calculations on big integers (HO
)
Package: bitset 2011/01/30 v1.1 Handle bit-vector datatype (HO)
Package: uniquecounter 2011/01/30 v1.2 Provide unlimited unique counter (HO)
)
Package hobsub Info: Skipping package `hobsub' (already loaded).
Package: letltxmacro 2010/09/02 v1.4 Let assignment for LaTeX macros (HO)
Package: hopatch 2012/05/28 v1.2 Wrapper for package hooks (HO)
Package: xcolor-patch 2011/01/30 xcolor patch
Package: atveryend 2011/06/30 v1.8 Hooks at the very end of document (HO)
Package atveryend Info: \enddocument detected (standard20110627).
Package: atbegshi 2011/10/05 v1.16 At begin shipout hook (HO)
Package: refcount 2011/10/16 v3.4 Data extraction from label references (HO)
Package: hycolor 2011/01/30 v1.7 Color options for hyperref/bookmark (HO)
)
(/usr/share/texlive/texmf-dist/tex/generic/ifxetex/ifxetex.sty
Package: ifxetex 2010/09/12 v0.6 Provides ifxetex conditional
)
(/usr/share/texlive/texmf-dist/tex/latex/oberdiek/kvoptions.sty
Package: kvoptions 2011/06/30 v3.11 Key value format for package options (HO)
)
\@linkdim=\dimen114
\Hy@linkcounter=\count100
\Hy@pagecounter=\count101

(/usr/share/texlive/texmf-dist/tex/latex/hyperref/pd1enc.def
File: pd1enc.def 2012/05/13 v6.82q Hyperref: PDFDocEncoding definition (HO)
)
\Hy@SavedSpaceFactor=\count102

(/usr/share/texlive/texmf-dist/tex/latex/latexconfig/hyperref.cfg
File: hyperref.cfg 2002/06/06 v1.2 hyperref configuration of TeXLive
)
Package hyperref Info: Hyper figures OFF on input line 4062.
Package hyperref Info: Link nesting OFF on input line 4067.
Package hyperref Info: Hyper index ON on input line 4070.
Package hyperref Info: Plain pages OFF on input line 4077.
Package hyperref Info: Backreferencing OFF on input line 4082.
Package hyperref Info: Implicit mode ON; LaTeX internals redefined.
Package hyperref Info: Bookmarks ON on input line 4300.
\c@Hy@tempcnt=\count103

(/usr/share/texlive/texmf-dist/tex/latex/url/url.sty
\Urlmuskip=\muskip11
Package: url 2006/04/12  ver 3.3  Verb mode for urls, etc.
)
LaTeX Info: Redefining \url on input line 4653.
\Fld@menulength=\count104
\Field@Width=\dimen115
\Fld@charsize=\dimen116
Package hyperref Info: Hyper figures OFF on input line 5773.
Package hyperref Info: Link nesting OFF on input line 5778.
Package hyperref Info: Hyper index ON on input line 5781.
Package hyperref Info: backreferencing OFF on input line 5788.
Package hyperref Info: Link coloring OFF on input line 5793.
Package hyperref Info: Link coloring with OCG OFF on input line 5798.
Package hyperref Info: PDF/A mode OFF on input line 5803.
LaTeX Info: Redefining \ref on input line 5843.
LaTeX Info: Redefining \pageref on input line 5847.
\Hy@abspage=\count105
\c@Item=\count106
\c@Hfootnote=\count107
)

Package hyperref Message: Driver (autodetected): hpdftex.

(/usr/share/texlive/texmf-dist/tex/latex/hyperref/hpdftex.def
File: hpdftex.def 2012/05/13 v6.82q Hyperref driver for pdfTeX
\Fld@listcount=\count108
\c@bookmark@seq@number=\count109

(/usr/share/texlive/texmf-dist/tex/latex/oberdiek/rerunfilecheck.sty
Package: rerunfilecheck 2011/04/15 v1.7 Rerun checks for auxiliary files (HO)
Package uniquecounter Info: New unique counter `rerunfilecheck' on input line 2
82.
)
\Hy@SectionHShift=\skip46
)
(/usr/share/texlive/texmf-dist/tex/latex/geometry/geometry.sty
Package: geometry 2010/09/12 v5.6 Page Geometry
\Gm@cnth=\count110
\Gm@cntv=\count111
\c@Gm@tempcnt=\count112
\Gm@bindingoffset=\dimen117
\Gm@wd@mp=\dimen118
\Gm@odd@mp=\dimen119
\Gm@even@mp=\dimen120
\Gm@layoutwidth=\dimen121
\Gm@layoutheight=\dimen122
\Gm@layouthoffset=\dimen123
\Gm@layoutvoffset=\dimen124
\Gm@dimlist=\toks20
)
Package hyperref Info: Option `colorlinks' set `true' on input line 8.
 (./report.aux)
\openout1 = `report.aux'.

LaTeX Font Info:    Checking defaults for OML/cmm/m/it on input line 10.
LaTeX Font Info:    ... okay on input line 10.
LaTeX Font Info:    Checking defaults for T1/cmr/m/n on input line 10.
LaTeX Font Info:    ... okay on input line 10.
LaTeX Font Info:    Checking defaults for OT1/cmr/m/n on input line 10.
LaTeX Font Info:    ... okay on input line 10.
LaTeX Font Info:    Checking defaults for OMS/cmsy/m/n on input line 10.
LaTeX Font Info:    ... okay on input line 10.
LaTeX Font Info:    Checking defaults for OMX/cmex/m/n on input line 10.
LaTeX Font Info:    ... okay on input line 10.
LaTeX Font Info:    Checking defaults for U/cmr/m/n on input line 10.
LaTeX Font Info:    ... okay on input line 10.
LaTeX Font Info:    Checking defaults for PD1/pdf/m/n on input line 10.
LaTeX Font Info:    ... okay on input line 10.

(/usr/share/texlive/texmf-dist/tex/context/base/supp-pdf.mkii
[Loading MPS to PDF converter (version 2006.09.02).]
\scratchcounter=\count113
\scratchdimen=\dimen125
\scratchbox=\box28
\nofMPsegments=\count114
\nofMParguments=\count115
\everyMPshowfont=\toks21
\MPscratchCnt=\count116
\MPscratchDim=\dimen126
\MPnumerator=\count117
\makeMPintoPDFobject=\count118
\everyMPtoPDFconversion=\toks22
) (/usr/share/texlive/texmf-dist/tex/latex/oberdiek/epstopdf-base.sty
Package: epstopdf-base 2010/02/09 v2.5 Base part for package epstopdf

(/usr/share/texlive/texmf-dist/tex/latex/oberdiek/grfext.sty
Package: grfext 2010/08/19 v1.1 Manage graphics extensions (HO)
)
Package grfext Info: Graphics extension search list:
(grfext)             [.png,.pdf,.jpg,.mps,.jpeg,.jbig2,.jb2,.PNG,.PDF,.JPG,.JPE
G,.JBIG2,.JB2,.eps]
(grfext)             \AppendGraphicsExtensions on input line 452.

(/usr/share/texlive/texmf-dist/tex/latex/latexconfig/epstopdf-sys.cfg
File: epstopdf-sys.cfg 2010/07/13 v1.3 Configuration of (r)epstopdf for TeX Liv
e
))
\AtBeginShipoutBox=\box29

(/usr/share/texlive/texmf-dist/tex/latex/graphics/color.sty
Package: color 2005/11/14 v1.0j Standard LaTeX Color (DPC)

(/usr/share/texlive/texmf-dist/tex/latex/latexconfig/color.cfg
File: color.cfg 2007/01/18 v1.5 color configuration of teTeX/TeXLive
)
Package color Info: Driver file: pdftex.def on input line 130.
)
Package hyperref Info: Link coloring ON on input line 10.

(/usr/share/texlive/texmf-dist/tex/latex/hyperref/nameref.sty
Package: nameref 2010/04/30 v2.40 Cross-referencing by name of section

(/usr/share/texlive/texmf-dist/tex/generic/oberdiek/gettitlestring.sty
Package: gettitlestring 2010/12/03 v1.4 Cleanup title references (HO)
)
\c@section@level=\count119
)
LaTeX Info: Redefining \ref on input line 10.
LaTeX Info: Redefining \pageref on input line 10.
LaTeX Info: Redefining \nameref on input line 10.

(./report.out) (./report.out)
\@outlinefile=\write3
\openout3 = `report.out'.


*geometry* driver: auto-detecting
*geometry* detected driver: pdftex
*geometry* verbose mode - [ preamble ] result:
* driver: pdftex
* paper: a4paper
* layout: <same size as paper>
* layoutoffset:(h,v)=(0.0pt,0.0pt)
* modes: 
* h-part:(L,W,R)=(56.9055pt, 483.69687pt, 56.9055pt)
* v-part:(T,H,B)=(56.9055pt, 731.23584pt, 56.9055pt)
* \paperwidth=597.50787pt
* \paperheight=845.04684pt
* \textwidth=483.69687pt
* \textheight=731.23584pt
* \oddsidemargin=-15.36449pt
* \evensidemargin=-15.36449pt
* \topmargin=-52.36449pt
* \headheight=12.0pt
* \headsep=25.0pt
* \topskip=11.0pt
* \footskip=30.0pt
* \marginparwidth=50.0pt
* \marginparsep=10.0pt
* \columnsep=10.0pt
* \skip\footins=10.0pt plus 4.0pt minus 2.0pt
* \hoffset=0.0pt
* \voffset=0.0pt
* \mag=1000
* \@twocolumnfalse
* \@twosidefalse
* \@mparswitchfalse
* \@reversemarginfalse
* (1in=72.27pt=25.4mm, 1cm=28.453pt)

(./report.toc)
\tf@toc=\write4
\openout4 = `report.toc'.



Package hyperref Warning: Token not allowed in a PDF string (PDFDocEncoding):
(hyperref)                removing `math shift' on input line 15.


Package hyperref Warning: Token not allowed in a PDF string (PDFDocEncoding):
(hyperref)                removing `\psi' on input line 15.


Package hyperref Warning: Token not allowed in a PDF string (PDFDocEncoding):
(hyperref)                removing `subscript' on input line 15.


Package hyperref Warning: Token not allowed in a PDF string (PDFDocEncoding):
(hyperref)                removing `math shift' on input line 15.

Package epstopdf Info: Source file: <Flux.eps>
(epstopdf)                    date: 2013-06-25 01:39:04
(epstopdf)                    size: 22988 bytes
(epstopdf)             Output file: <Flux-eps-converted-to.pdf>
(epstopdf)                    date: 2013-06-25 01:39:40
(epstopdf)                    size: 12544 bytes
(epstopdf)             Command: <repstopdf --outfile=Flux-eps-converted-to.pdf 
Flux.eps>
(epstopdf)             \includegraphics on input line 23.
Package epstopdf Info: Output file is already uptodate.
<Flux-eps-converted-to.pdf, id=120, 578.16pt x 433.62pt>
File: Flux-eps-converted-to.pdf Graphic file (type pdf)

<use Flux-eps-converted-to.pdf>
Package pdftex.def Info: Flux-eps-converted-to.pdf used on input line 23.
(pdftex.def)             Requested size: 241.84843pt x 181.38472pt.


LaTeX Warning: `h' float specifier changed to `ht'.


Package hyperref Warning: Token not allowed in a PDF string (PDFDocEncoding):
(hyperref)                removing `math shift' on input line 27.


Package hyperref Warning: Token not allowed in a PDF string (PDFDocEncoding):
(hyperref)                removing `subscript' on input line 27.


Package hyperref Warning: Token not allowed in a PDF string (PDFDocEncoding):
(hyperref)                removing `math shift' on input line 27.


Package hyperref Warning: Token not allowed in a PDF string (PDFDocEncoding):
(hyperref)                removing `math shift' on input line 27.


Package hyperref Warning: Token not allowed in a PDF string (PDFDocEncoding):
(hyperref)                removing `subscript' on input line 27.


Package hyperref Warning: Token not allowed in a PDF string (PDFDocEncoding):
(hyperref)                removing `math shift' on input line 27.

[1

{/var/lib/texmf/fonts/map/pdftex/updmap/pdftex.map}]
Overfull \hbox (7.74448pt too wide) detected at line 41
[]\OML/cmm/m/it/10.95 T[]\OT1/cmr/m/n/10.95 (\OML/cmm/m/it/10.95  []\OT1/cmr/m/
n/10.95 ) = \OML/cmm/m/it/10.95 T[] \OT1/cmr/m/n/10.95 + \OML/cmm/m/it/10.95 a[
][]tanh[]\OT1/cmr/m/n/10.95 2[][] \OMS/cmsy/m/n/10.95 ^^@ [] \OML/cmm/m/it/10.9
5 tanh[]\OT1/cmr/m/n/10.95 2[][][][]  + \OML/cmm/m/it/10.95 a[]H[]\OT1/cmr/m/n/
10.95 1 \OMS/cmsy/m/n/10.95 ^^@ [][][]\OT1/cmr/m/n/10.95 1 \OMS/cmsy/m/n/10.95 
^^@ [] \OT1/cmr/m/n/10.95 ([])[][][]\OML/cmm/m/it/10.95 ;
 []

Package epstopdf Info: Source file: <ne.eps>
(epstopdf)                    date: 2013-06-25 01:38:59
(epstopdf)                    size: 33054 bytes
(epstopdf)             Output file: <ne-eps-converted-to.pdf>
(epstopdf)                    date: 2013-06-25 01:39:40
(epstopdf)                    size: 19783 bytes
(epstopdf)             Command: <repstopdf --outfile=ne-eps-converted-to.pdf ne
.eps>
(epstopdf)             \includegraphics on input line 51.
Package epstopdf Info: Output file is already uptodate.
<ne-eps-converted-to.pdf, id=143, 578.16pt x 433.62pt>
File: ne-eps-converted-to.pdf Graphic file (type pdf)

<use ne-eps-converted-to.pdf>
Package pdftex.def Info: ne-eps-converted-to.pdf used on input line 51.
(pdftex.def)             Requested size: 261.19348pt x 195.89471pt.

Overfull \hbox (67.7177pt too wide) in paragraph at lines 51--52
 [][] 
 []


Underfull \hbox (badness 1009) in paragraph at lines 52--52
[]\OT1/cmr/m/n/10.95 Figure 2: []Electron den-sity, $10[]\OML/cmm/m/it/10.95 m[
]$
 []

Package epstopdf Info: Source file: <T.eps>
(epstopdf)                    date: 2013-06-25 01:38:59
(epstopdf)                    size: 27813 bytes
(epstopdf)             Output file: <T-eps-converted-to.pdf>
(epstopdf)                    date: 2013-06-25 01:39:40
(epstopdf)                    size: 16853 bytes
(epstopdf)             Command: <repstopdf --outfile=T-eps-converted-to.pdf T.e
ps>
(epstopdf)             \includegraphics on input line 58.
Package epstopdf Info: Output file is already uptodate.
<T-eps-converted-to.pdf, id=144, 578.16pt x 433.62pt>
File: T-eps-converted-to.pdf Graphic file (type pdf)

<use T-eps-converted-to.pdf>
Package pdftex.def Info: T-eps-converted-to.pdf used on input line 58.
(pdftex.def)             Requested size: 261.19348pt x 195.89471pt.

Overfull \hbox (67.7177pt too wide) in paragraph at lines 58--59
 [][] 
 []

[2 <./Flux-eps-converted-to.pdf> <./ne-eps-converted-to.pdf> <./T-eps-converted
-to.pdf>]
Package epstopdf Info: Source file: <P.eps>
(epstopdf)                    date: 2013-06-25 01:39:00
(epstopdf)                    size: 31216 bytes
(epstopdf)             Output file: <P-eps-converted-to.pdf>
(epstopdf)                    date: 2013-06-25 01:39:41
(epstopdf)                    size: 19802 bytes
(epstopdf)             Command: <repstopdf --outfile=P-eps-converted-to.pdf P.e
ps>
(epstopdf)             \includegraphics on input line 74.
Package epstopdf Info: Output file is already uptodate.
 <P-eps-converted-to.pdf, id=238, 578.16pt x 433.62pt>
File: P-eps-converted-to.pdf Graphic file (type pdf)

<use P-eps-converted-to.pdf>
Package pdftex.def Info: P-eps-converted-to.pdf used on input line 74.
(pdftex.def)             Requested size: 261.19348pt x 195.89471pt.

Overfull \hbox (67.7177pt too wide) in paragraph at lines 74--75
 [][] 
 []

Package epstopdf Info: Source file: <DP.eps>
(epstopdf)                    date: 2013-06-25 01:39:01
(epstopdf)                    size: 39212 bytes
(epstopdf)             Output file: <DP-eps-converted-to.pdf>
(epstopdf)                    date: 2013-06-25 01:39:41
(epstopdf)                    size: 26668 bytes
(epstopdf)             Command: <repstopdf --outfile=DP-eps-converted-to.pdf DP
.eps>
(epstopdf)             \includegraphics on input line 81.
Package epstopdf Info: Output file is already uptodate.
<DP-eps-converted-to.pdf, id=239, 578.16pt x 433.62pt>
File: DP-eps-converted-to.pdf Graphic file (type pdf)

<use DP-eps-converted-to.pdf>
Package pdftex.def Info: DP-eps-converted-to.pdf used on input line 81.
(pdftex.def)             Requested size: 261.19348pt x 195.89471pt.

Overfull \hbox (67.7177pt too wide) in paragraph at lines 81--82
 [][] 
 []


Underfull \hbox (badness 3291) in paragraph at lines 82--82
[]\OT1/cmr/m/n/10.95 Figure 5: []Pressure gra-di-ents, $\OML/cmm/m/it/10.95 kPa
$
 []


Package hyperref Warning: Token not allowed in a PDF string (PDFDocEncoding):
(hyperref)                removing `math shift' on input line 87.


Package hyperref Warning: Token not allowed in a PDF string (PDFDocEncoding):
(hyperref)                removing `subscript' on input line 87.


Package hyperref Warning: Token not allowed in a PDF string (PDFDocEncoding):
(hyperref)                removing `subscript' on input line 87.


Package hyperref Warning: Token not allowed in a PDF string (PDFDocEncoding):
(hyperref)                removing `math shift' on input line 87.

Package epstopdf Info: Source file: <E.eps>
(epstopdf)                    date: 2013-06-25 01:39:01
(epstopdf)                    size: 29605 bytes
(epstopdf)             Output file: <E-eps-converted-to.pdf>
(epstopdf)                    date: 2013-06-25 01:39:42
(epstopdf)                    size: 19710 bytes
(epstopdf)             Command: <repstopdf --outfile=E-eps-converted-to.pdf E.e
ps>
(epstopdf)             \includegraphics on input line 96.
Package epstopdf Info: Output file is already uptodate.
<E-eps-converted-to.pdf, id=242, 578.16pt x 433.62pt>
File: E-eps-converted-to.pdf Graphic file (type pdf)

<use E-eps-converted-to.pdf>
Package pdftex.def Info: E-eps-converted-to.pdf used on input line 96.
(pdftex.def)             Requested size: 261.19348pt x 195.89471pt.

Overfull \hbox (67.7177pt too wide) in paragraph at lines 96--97
 [][] 
 []


Underfull \hbox (badness 2065) in paragraph at lines 97--97
[]\OT1/cmr/m/n/10.95 Figure 6: []Radial elec-tric field, $\OML/cmm/m/it/10.95 k
V$
 []

Package epstopdf Info: Source file: <sigma.eps>
(epstopdf)                    date: 2013-06-25 01:39:05
(epstopdf)                    size: 32406 bytes
(epstopdf)             Output file: <sigma-eps-converted-to.pdf>
(epstopdf)                    date: 2013-06-25 01:39:42
(epstopdf)                    size: 19421 bytes
(epstopdf)             Command: <repstopdf --outfile=sigma-eps-converted-to.pdf
 sigma.eps>
(epstopdf)             \includegraphics on input line 103.
Package epstopdf Info: Output file is already uptodate.
<sigma-eps-converted-to.pdf, id=243, 578.16pt x 433.62pt>
File: sigma-eps-converted-to.pdf Graphic file (type pdf)

<use sigma-eps-converted-to.pdf>
Package pdftex.def Info: sigma-eps-converted-to.pdf used on input line 103.
(pdftex.def)             Requested size: 261.19348pt x 195.89471pt.

Overfull \hbox (67.7177pt too wide) in paragraph at lines 103--104
 [][] 
 []


LaTeX Warning: `h' float specifier changed to `ht'.


Package hyperref Warning: Token not allowed in a PDF string (PDFDocEncoding):
(hyperref)                removing `math shift' on input line 109.


Package hyperref Warning: Token not allowed in a PDF string (PDFDocEncoding):
(hyperref)                removing `\sigma' on input line 109.


Package hyperref Warning: Token not allowed in a PDF string (PDFDocEncoding):
(hyperref)                removing `subscript' on input line 109.


Package hyperref Warning: Token not allowed in a PDF string (PDFDocEncoding):
(hyperref)                removing `math shift' on input line 109.


Package hyperref Warning: Token not allowed in a PDF string (PDFDocEncoding):
(hyperref)                removing `math shift' on input line 122.


Package hyperref Warning: Token not allowed in a PDF string (PDFDocEncoding):
(hyperref)                removing `subscript' on input line 122.


Package hyperref Warning: Token not allowed in a PDF string (PDFDocEncoding):
(hyperref)                removing `subscript' on input line 122.


Package hyperref Warning: Token not allowed in a PDF string (PDFDocEncoding):
(hyperref)                removing `subscript' on input line 122.


Package hyperref Warning: Token not allowed in a PDF string (PDFDocEncoding):
(hyperref)                removing `math shift' on input line 122.

[3 <./P-eps-converted-to.pdf> <./DP-eps-converted-to.pdf>]
Package epstopdf Info: Source file: <Km.eps>
(epstopdf)                    date: 2013-06-25 01:39:02
(epstopdf)                    size: 30067 bytes
(epstopdf)             Output file: <Km-eps-converted-to.pdf>
(epstopdf)                    date: 2013-06-25 01:39:42
(epstopdf)                    size: 16680 bytes
(epstopdf)             Command: <repstopdf --outfile=Km-eps-converted-to.pdf Km
.eps>
(epstopdf)             \includegraphics on input line 136.
Package epstopdf Info: Output file is already uptodate.

<Km-eps-converted-to.pdf, id=333, 578.16pt x 433.62pt>
File: Km-eps-converted-to.pdf Graphic file (type pdf)

<use Km-eps-converted-to.pdf>
Package pdftex.def Info: Km-eps-converted-to.pdf used on input line 136.
(pdftex.def)             Requested size: 261.19348pt x 195.89471pt.

Overfull \hbox (67.7177pt too wide) in paragraph at lines 136--137
[][] 
 []

Package epstopdf Info: Source file: <A.eps>
(epstopdf)                    date: 2013-06-25 01:39:03
(epstopdf)                    size: 24627 bytes
(epstopdf)             Output file: <A-eps-converted-to.pdf>
(epstopdf)                    date: 2013-06-25 01:39:43
(epstopdf)                    size: 12705 bytes
(epstopdf)             Command: <repstopdf --outfile=A-eps-converted-to.pdf A.e
ps>
(epstopdf)             \includegraphics on input line 142.
Package epstopdf Info: Output file is already uptodate.
<A-eps-converted-to.pdf, id=334, 578.16pt x 433.62pt>
File: A-eps-converted-to.pdf Graphic file (type pdf)

<use A-eps-converted-to.pdf>
Package pdftex.def Info: A-eps-converted-to.pdf used on input line 142.
(pdftex.def)             Requested size: 261.19348pt x 195.89471pt.

Overfull \hbox (67.7177pt too wide) in paragraph at lines 142--143
[][] 
 []


Package hyperref Warning: Token not allowed in a PDF string (PDFDocEncoding):
(hyperref)                removing `math shift' on input line 148.


Package hyperref Warning: Token not allowed in a PDF string (PDFDocEncoding):
(hyperref)                removing `subscript' on input line 148.


Package hyperref Warning: Token not allowed in a PDF string (PDFDocEncoding):
(hyperref)                removing `subscript' on input line 148.


Package hyperref Warning: Token not allowed in a PDF string (PDFDocEncoding):
(hyperref)                removing `math shift' on input line 148.

[4 <./E-eps-converted-to.pdf> <./sigma-eps-converted-to.pdf> <./Km-eps-converte
d-to.pdf> <./A-eps-converted-to.pdf>]
Package epstopdf Info: Source file: <Q.eps>
(epstopdf)                    date: 2013-06-25 01:38:57
(epstopdf)                    size: 31823 bytes
(epstopdf)             Output file: <Q-eps-converted-to.pdf>
(epstopdf)                    date: 2013-06-25 01:39:43
(epstopdf)                    size: 18055 bytes
(epstopdf)             Command: <repstopdf --outfile=Q-eps-converted-to.pdf Q.e
ps>
(epstopdf)             \includegraphics on input line 161.
Package epstopdf Info: Output file is already uptodate.

<Q-eps-converted-to.pdf, id=466, 578.16pt x 433.62pt>
File: Q-eps-converted-to.pdf Graphic file (type pdf)

<use Q-eps-converted-to.pdf>
Package pdftex.def Info: Q-eps-converted-to.pdf used on input line 161.
(pdftex.def)             Requested size: 261.19348pt x 195.89471pt.

Overfull \hbox (67.7177pt too wide) in paragraph at lines 161--162
[][] 
 []

Package epstopdf Info: Source file: <Q1.eps>
(epstopdf)                    date: 2013-06-25 01:38:58
(epstopdf)                    size: 34014 bytes
(epstopdf)             Output file: <Q1-eps-converted-to.pdf>
(epstopdf)                    date: 2013-06-25 01:39:43
(epstopdf)                    size: 18236 bytes
(epstopdf)             Command: <repstopdf --outfile=Q1-eps-converted-to.pdf Q1
.eps>
(epstopdf)             \includegraphics on input line 167.
Package epstopdf Info: Output file is already uptodate.
<Q1-eps-converted-to.pdf, id=467, 578.16pt x 433.62pt>
File: Q1-eps-converted-to.pdf Graphic file (type pdf)

<use Q1-eps-converted-to.pdf>
Package pdftex.def Info: Q1-eps-converted-to.pdf used on input line 167.
(pdftex.def)             Requested size: 261.19348pt x 195.89471pt.

Overfull \hbox (67.7177pt too wide) in paragraph at lines 167--168
[][] 
 []


Package hyperref Warning: Token not allowed in a PDF string (PDFDocEncoding):
(hyperref)                removing `math shift' on input line 173.


Package hyperref Warning: Token not allowed in a PDF string (PDFDocEncoding):
(hyperref)                removing `subscript' on input line 173.


Package hyperref Warning: Token not allowed in a PDF string (PDFDocEncoding):
(hyperref)                removing `subscript' on input line 173.


Package hyperref Warning: Token not allowed in a PDF string (PDFDocEncoding):
(hyperref)                removing `math shift' on input line 173.


Package hyperref Warning: Token not allowed in a PDF string (PDFDocEncoding):
(hyperref)                removing `math shift' on input line 183.


Package hyperref Warning: Token not allowed in a PDF string (PDFDocEncoding):
(hyperref)                removing `subscript' on input line 183.


Package hyperref Warning: Token not allowed in a PDF string (PDFDocEncoding):
(hyperref)                removing `math shift' on input line 183.

[5 <./Q-eps-converted-to.pdf> <./Q1-eps-converted-to.pdf>]
Package epstopdf Info: Source file: <perturbation.eps>
(epstopdf)                    date: 2013-06-25 01:38:56
(epstopdf)                    size: 34588 bytes
(epstopdf)             Output file: <perturbation-eps-converted-to.pdf>
(epstopdf)                    date: 2013-06-25 01:39:44
(epstopdf)                    size: 22292 bytes
(epstopdf)             Command: <repstopdf --outfile=perturbation-eps-converted
-to.pdf perturbation.eps>
(epstopdf)             \includegraphics on input line 200.
Package epstopdf Info: Output file is already uptodate.

<perturbation-eps-converted-to.pdf, id=539, 578.16pt x 433.62pt>
File: perturbation-eps-converted-to.pdf Graphic file (type pdf)

<use perturbation-eps-converted-to.pdf>
Package pdftex.def Info: perturbation-eps-converted-to.pdf used on input line 2
00.
(pdftex.def)             Requested size: 338.58632pt x 253.93465pt.
 [6 <./perturbation-eps-converted-to.pdf>]

Package hyperref Warning: Token not allowed in a PDF string (PDFDocEncoding):
(hyperref)                removing `math shift' on input line 209.


Package hyperref Warning: Token not allowed in a PDF string (PDFDocEncoding):
(hyperref)                removing `subscript' on input line 209.


Package hyperref Warning: Token not allowed in a PDF string (PDFDocEncoding):
(hyperref)                removing `math shift' on input line 209.


Package hyperref Warning: Token not allowed in a PDF string (PDFDocEncoding):
(hyperref)                removing `math shift' on input line 209.


Package hyperref Warning: Token not allowed in a PDF string (PDFDocEncoding):
(hyperref)                removing `subscript' on input line 209.


Package hyperref Warning: Token not allowed in a PDF string (PDFDocEncoding):
(hyperref)                removing `math shift' on input line 209.

Package epstopdf Info: Source file: <evans60/ne60.eps>
(epstopdf)                    date: 2013-06-25 01:39:09
(epstopdf)                    size: 35415 bytes
(epstopdf)             Output file: <evans60/ne60-eps-converted-to.pdf>
(epstopdf)                    date: 2013-06-25 01:39:44
(epstopdf)                    size: 21598 bytes
(epstopdf)             Command: <repstopdf --outfile=evans60/ne60-eps-converted
-to.pdf evans60/ne60.eps>
(epstopdf)             \includegraphics on input line 215.
Package epstopdf Info: Output file is already uptodate.
<evans60/ne60-eps-converted-to.pdf, id=583, 578.16pt x 433.62pt>
File: evans60/ne60-eps-converted-to.pdf Graphic file (type pdf)

<use evans60/ne60-eps-converted-to.pdf>
Package pdftex.def Info: evans60/ne60-eps-converted-to.pdf used on input line 2
15.
(pdftex.def)             Requested size: 261.19348pt x 195.89471pt.

Overfull \hbox (67.7177pt too wide) in paragraph at lines 215--216
 [][] 
 []

Package epstopdf Info: Source file: <evans60/T60.eps>
(epstopdf)                    date: 2013-06-25 01:39:10
(epstopdf)                    size: 27933 bytes
(epstopdf)             Output file: <evans60/T60-eps-converted-to.pdf>
(epstopdf)                    date: 2013-06-25 01:39:45
(epstopdf)                    size: 17112 bytes
(epstopdf)             Command: <repstopdf --outfile=evans60/T60-eps-converted-
to.pdf evans60/T60.eps>
(epstopdf)             \includegraphics on input line 222.
Package epstopdf Info: Output file is already uptodate.
<evans60/T60-eps-converted-to.pdf, id=584, 578.16pt x 433.62pt>
File: evans60/T60-eps-converted-to.pdf Graphic file (type pdf)

<use evans60/T60-eps-converted-to.pdf>
Package pdftex.def Info: evans60/T60-eps-converted-to.pdf used on input line 22
2.
(pdftex.def)             Requested size: 261.19348pt x 195.89471pt.

Overfull \hbox (67.7177pt too wide) in paragraph at lines 222--223
 [][] 
 []

Package epstopdf Info: Source file: <evans60/P60.eps>
(epstopdf)                    date: 2013-06-25 01:39:10
(epstopdf)                    size: 34307 bytes
(epstopdf)             Output file: <evans60/P60-eps-converted-to.pdf>
(epstopdf)                    date: 2013-06-25 01:39:45
(epstopdf)                    size: 22019 bytes
(epstopdf)             Command: <repstopdf --outfile=evans60/P60-eps-converted-
to.pdf evans60/P60.eps>
(epstopdf)             \includegraphics on input line 233.
Package epstopdf Info: Output file is already uptodate.
<evans60/P60-eps-converted-to.pdf, id=585, 578.16pt x 433.62pt>
File: evans60/P60-eps-converted-to.pdf Graphic file (type pdf)

<use evans60/P60-eps-converted-to.pdf>
Package pdftex.def Info: evans60/P60-eps-converted-to.pdf used on input line 23
3.
(pdftex.def)             Requested size: 261.19348pt x 195.89471pt.

Overfull \hbox (67.7177pt too wide) in paragraph at lines 233--234
[][] 
 []

Package epstopdf Info: Source file: <evans60/dP60.eps>
(epstopdf)                    date: 2013-06-25 01:39:11
(epstopdf)                    size: 38160 bytes
(epstopdf)             Output file: <evans60/dP60-eps-converted-to.pdf>
(epstopdf)                    date: 2013-06-25 01:39:45
(epstopdf)                    size: 25487 bytes
(epstopdf)             Command: <repstopdf --outfile=evans60/dP60-eps-converted
-to.pdf evans60/dP60.eps>
(epstopdf)             \includegraphics on input line 239.
Package epstopdf Info: Output file is already uptodate.
<evans60/dP60-eps-converted-to.pdf, id=586, 578.16pt x 433.62pt>
File: evans60/dP60-eps-converted-to.pdf Graphic file (type pdf)

<use evans60/dP60-eps-converted-to.pdf>
Package pdftex.def Info: evans60/dP60-eps-converted-to.pdf used on input line 2
39.
(pdftex.def)             Requested size: 261.19348pt x 195.89471pt.

Overfull \hbox (67.7177pt too wide) in paragraph at lines 239--240
[][] 
 []


Underfull \hbox (badness 1831) in paragraph at lines 240--240
[]\OT1/cmr/m/n/10.95 Figure 16: []Pressure gra-di-ents, $\OML/cmm/m/it/10.95 kP
a$
 []

[7 <./evans60/ne60-eps-converted-to.pdf> <./evans60/T60-eps-converted-to.pdf> <
./evans60/P60-eps-converted-to.pdf> <./evans60/dP60-eps-converted-to.pdf>]

Package hyperref Warning: Token not allowed in a PDF string (PDFDocEncoding):
(hyperref)                removing `math shift' on input line 246.


Package hyperref Warning: Token not allowed in a PDF string (PDFDocEncoding):
(hyperref)                removing `subscript' on input line 246.


Package hyperref Warning: Token not allowed in a PDF string (PDFDocEncoding):
(hyperref)                removing `subscript' on input line 246.


Package hyperref Warning: Token not allowed in a PDF string (PDFDocEncoding):
(hyperref)                removing `math shift' on input line 246.

Package epstopdf Info: Source file: <evans60/E60.eps>
(epstopdf)                    date: 2013-06-25 01:39:12
(epstopdf)                    size: 28082 bytes
(epstopdf)             Output file: <evans60/E60-eps-converted-to.pdf>
(epstopdf)                    date: 2013-06-25 01:39:46
(epstopdf)                    size: 19321 bytes
(epstopdf)             Command: <repstopdf --outfile=evans60/E60-eps-converted-
to.pdf evans60/E60.eps>
(epstopdf)             \includegraphics on input line 249.
Package epstopdf Info: Output file is already uptodate.
<evans60/E60-eps-converted-to.pdf, id=736, 578.16pt x 433.62pt>
File: evans60/E60-eps-converted-to.pdf Graphic file (type pdf)

<use evans60/E60-eps-converted-to.pdf>
Package pdftex.def Info: evans60/E60-eps-converted-to.pdf used on input line 24
9.
(pdftex.def)             Requested size: 266.03474pt x 199.52055pt.


Package hyperref Warning: Token not allowed in a PDF string (PDFDocEncoding):
(hyperref)                removing `math shift' on input line 254.


Package hyperref Warning: Token not allowed in a PDF string (PDFDocEncoding):
(hyperref)                removing `subscript' on input line 254.


Package hyperref Warning: Token not allowed in a PDF string (PDFDocEncoding):
(hyperref)                removing `subscript' on input line 254.


Package hyperref Warning: Token not allowed in a PDF string (PDFDocEncoding):
(hyperref)                removing `math shift' on input line 254.


Package hyperref Warning: Token not allowed in a PDF string (PDFDocEncoding):
(hyperref)                removing `math shift' on input line 254.


Package hyperref Warning: Token not allowed in a PDF string (PDFDocEncoding):
(hyperref)                removing `subscript' on input line 254.


Package hyperref Warning: Token not allowed in a PDF string (PDFDocEncoding):
(hyperref)                removing `math shift' on input line 254.

Package epstopdf Info: Source file: <evans60/K60.eps>
(epstopdf)                    date: 2013-06-25 01:39:12
(epstopdf)                    size: 32175 bytes
(epstopdf)             Output file: <evans60/K60-eps-converted-to.pdf>
(epstopdf)                    date: 2013-06-25 01:39:46
(epstopdf)                    size: 21326 bytes
(epstopdf)             Command: <repstopdf --outfile=evans60/K60-eps-converted-
to.pdf evans60/K60.eps>
(epstopdf)             \includegraphics on input line 258.
Package epstopdf Info: Output file is already uptodate.
<evans60/K60-eps-converted-to.pdf, id=737, 578.16pt x 433.62pt>
File: evans60/K60-eps-converted-to.pdf Graphic file (type pdf)

<use evans60/K60-eps-converted-to.pdf>
Package pdftex.def Info: evans60/K60-eps-converted-to.pdf used on input line 25
8.
(pdftex.def)             Requested size: 261.19348pt x 195.89471pt.

Overfull \hbox (67.7177pt too wide) in paragraph at lines 258--259
[][] 
 []

Package epstopdf Info: Source file: <evans60/A60.eps>
(epstopdf)                    date: 2013-06-25 01:39:13
(epstopdf)                    size: 24776 bytes
(epstopdf)             Output file: <evans60/A60-eps-converted-to.pdf>
(epstopdf)                    date: 2013-06-25 01:39:46
(epstopdf)                    size: 13705 bytes
(epstopdf)             Command: <repstopdf --outfile=evans60/A60-eps-converted-
to.pdf evans60/A60.eps>
(epstopdf)             \includegraphics on input line 264.
Package epstopdf Info: Output file is already uptodate.
<evans60/A60-eps-converted-to.pdf, id=738, 578.16pt x 433.62pt>
File: evans60/A60-eps-converted-to.pdf Graphic file (type pdf)

<use evans60/A60-eps-converted-to.pdf>
Package pdftex.def Info: evans60/A60-eps-converted-to.pdf used on input line 26
4.
(pdftex.def)             Requested size: 261.19348pt x 195.89471pt.

Overfull \hbox (67.7177pt too wide) in paragraph at lines 264--265
[][] 
 []

[8 <./evans60/E60-eps-converted-to.pdf> <./evans60/K60-eps-converted-to.pdf> <.
/evans60/A60-eps-converted-to.pdf>]

Package hyperref Warning: Token not allowed in a PDF string (PDFDocEncoding):
(hyperref)                removing `math shift' on input line 271.


Package hyperref Warning: Token not allowed in a PDF string (PDFDocEncoding):
(hyperref)                removing `subscript' on input line 271.


Package hyperref Warning: Token not allowed in a PDF string (PDFDocEncoding):
(hyperref)                removing `subscript' on input line 271.


Package hyperref Warning: Token not allowed in a PDF string (PDFDocEncoding):
(hyperref)                removing `math shift' on input line 271.


Package hyperref Warning: Token not allowed in a PDF string (PDFDocEncoding):
(hyperref)                removing `math shift' on input line 271.


Package hyperref Warning: Token not allowed in a PDF string (PDFDocEncoding):
(hyperref)                removing `subscript' on input line 271.


Package hyperref Warning: Token not allowed in a PDF string (PDFDocEncoding):
(hyperref)                removing `subscript' on input line 271.


Package hyperref Warning: Token not allowed in a PDF string (PDFDocEncoding):
(hyperref)                removing `math shift' on input line 271.

Package epstopdf Info: Source file: <evans60/Q60.eps>
(epstopdf)                    date: 2013-06-25 01:39:14
(epstopdf)                    size: 33793 bytes
(epstopdf)             Output file: <evans60/Q60-eps-converted-to.pdf>
(epstopdf)                    date: 2013-06-25 01:39:47
(epstopdf)                    size: 20727 bytes
(epstopdf)             Command: <repstopdf --outfile=evans60/Q60-eps-converted-
to.pdf evans60/Q60.eps>
(epstopdf)             \includegraphics on input line 275.
Package epstopdf Info: Output file is already uptodate.
<evans60/Q60-eps-converted-to.pdf, id=841, 578.16pt x 433.62pt>
File: evans60/Q60-eps-converted-to.pdf Graphic file (type pdf)

<use evans60/Q60-eps-converted-to.pdf>
Package pdftex.def Info: evans60/Q60-eps-converted-to.pdf used on input line 27
5.
(pdftex.def)             Requested size: 270.86491pt x 203.1464pt.

Overfull \hbox (77.38913pt too wide) in paragraph at lines 275--276
[][] 
 []

Package epstopdf Info: Source file: <evans60/Q1_60.eps>
(epstopdf)                    date: 2013-06-25 01:39:15
(epstopdf)                    size: 29057 bytes
(epstopdf)             Output file: <evans60/Q1_60-eps-converted-to.pdf>
(epstopdf)                    date: 2013-06-25 01:39:47
(epstopdf)                    size: 16646 bytes
(epstopdf)             Command: <repstopdf --outfile=evans60/Q1_60-eps-converte
d-to.pdf evans60/Q1_60.eps>
(epstopdf)             \includegraphics on input line 281.
Package epstopdf Info: Output file is already uptodate.
<evans60/Q1_60-eps-converted-to.pdf, id=842, 578.16pt x 433.62pt>
File: evans60/Q1_60-eps-converted-to.pdf Graphic file (type pdf)

<use evans60/Q1_60-eps-converted-to.pdf>
Package pdftex.def Info: evans60/Q1_60-eps-converted-to.pdf used on input line 
281.
(pdftex.def)             Requested size: 270.86491pt x 203.1464pt.

Overfull \hbox (77.38913pt too wide) in paragraph at lines 281--282
[][] 
 []


Package hyperref Warning: Token not allowed in a PDF string (PDFDocEncoding):
(hyperref)                removing `math shift' on input line 287.


Package hyperref Warning: Token not allowed in a PDF string (PDFDocEncoding):
(hyperref)                removing `subscript' on input line 287.


Package hyperref Warning: Token not allowed in a PDF string (PDFDocEncoding):
(hyperref)                removing `math shift' on input line 287.

Package epstopdf Info: Source file: <evans60/perturbation_60.eps>
(epstopdf)                    date: 2013-06-25 01:39:14
(epstopdf)                    size: 37712 bytes
(epstopdf)             Output file: <evans60/perturbation_60-eps-converted-to.p
df>
(epstopdf)                    date: 2013-06-25 01:39:47
(epstopdf)                    size: 24324 bytes
(epstopdf)             Command: <repstopdf --outfile=evans60/perturbation_60-ep
s-converted-to.pdf evans60/perturbation_60.eps>
(epstopdf)             \includegraphics on input line 290.
Package epstopdf Info: Output file is already uptodate.
<evans60/perturbation_60-eps-converted-to.pdf, id=843, 578.16pt x 433.62pt>
File: evans60/perturbation_60-eps-converted-to.pdf Graphic file (type pdf)

<use evans60/perturbation_60-eps-converted-to.pdf>
Package pdftex.def Info: evans60/perturbation_60-eps-converted-to.pdf used on i
nput line 290.
(pdftex.def)             Requested size: 338.58632pt x 253.93465pt.
 [9 <./evans60/Q60-eps-converted-to.pdf> <./evans60/Q1_60-eps-converted-to.pdf>
 <./evans60/perturbation_60-eps-converted-to.pdf>]
Package atveryend Info: Empty hook `BeforeClearDocument' on input line 297.
 [10]
Package atveryend Info: Empty hook `AfterLastShipout' on input line 297.
 (./report.aux)
Package atveryend Info: Executing hook `AtVeryEndDocument' on input line 297.
Package atveryend Info: Executing hook `AtEndAfterFileList' on input line 297.
Package rerunfilecheck Info: File `report.out' has not changed.
(rerunfilecheck)             Checksum: 28FBC173347B3CE45E5FE29A079B8173;1219.
Package atveryend Info: Empty hook `AtVeryVeryEnd' on input line 297.
 ) 
Here is how much of TeX's memory you used:
 6252 strings out of 494816
 91415 string characters out of 3177878
 187386 words of memory out of 3000000
 9314 multiletter control sequences out of 15000+200000
 9944 words of font info for 36 fonts, out of 3000000 for 9000
 198 hyphenation exceptions out of 8191
 29i,9n,32p,251b,344s stack positions out of 5000i,500n,10000p,200000b,50000s
</usr/share/texlive/texmf-dist/fonts/type1/public/amsfonts/cm/cmbx10.pfb></us
r/share/texlive/texmf-dist/fonts/type1/public/amsfonts/cm/cmbx12.pfb></usr/shar
e/texlive/texmf-dist/fonts/type1/public/amsfonts/cm/cmex10.pfb></usr/share/texl
ive/texmf-dist/fonts/type1/public/amsfonts/cm/cmmi10.pfb></usr/share/texlive/te
xmf-dist/fonts/type1/public/amsfonts/cm/cmmi12.pfb></usr/share/texlive/texmf-di
st/fonts/type1/public/amsfonts/cm/cmmi6.pfb></usr/share/texlive/texmf-dist/font
s/type1/public/amsfonts/cm/cmmi8.pfb></usr/share/texlive/texmf-dist/fonts/type1
/public/amsfonts/cm/cmr10.pfb></usr/share/texlive/texmf-dist/fonts/type1/public
/amsfonts/cm/cmr12.pfb></usr/share/texlive/texmf-dist/fonts/type1/public/amsfon
ts/cm/cmr6.pfb></usr/share/texlive/texmf-dist/fonts/type1/public/amsfonts/cm/cm
r8.pfb></usr/share/texlive/texmf-dist/fonts/type1/public/amsfonts/cm/cmsy10.pfb
></usr/share/texlive/texmf-dist/fonts/type1/public/amsfonts/cm/cmsy8.pfb>
Output written on report.pdf (10 pages, 513646 bytes).
PDF statistics:
 1022 PDF objects out of 1200 (max. 8388607)
 436 compressed objects within 5 object streams
 68 named destinations out of 1000 (max. 500000)
 263 words of extra memory for PDF output out of 10000 (max. 10000000)

